app/build/outputs/logs/manifest-merger-lite-release-report.txt
-- Merging decision tree log ---
manifest
ADDED from src\main\AndroidManifest.xml:1:1-225:12
	package
		ADDED from src\main\AndroidManifest.xml:2:5-34
		INJECTED from src\main\AndroidManifest.xml
		INJECTED from src\main\AndroidManifest.xml
	android:versionName
		INJECTED from src\main\AndroidManifest.xml
		INJECTED from src\main\AndroidManifest.xml
	xmlns:android
		ADDED from src\main\AndroidManifest.xml:1:11-69
	android:versionCode
		INJECTED from src\main\AndroidManifest.xml
		INJECTED from src\main\AndroidManifest.xml
	android:installLocation
		ADDED from src\main\AndroidManifest.xml:3:5-43
uses-permission#android.permission.RECEIVE_BOOT_COMPLETED
ADDED from src\main\AndroidManifest.xml:15:5-81
	android:name
		ADDED from src\main\AndroidManifest.xml:15:22-78
uses-permission#android.permission.WRITE_EXTERNAL_STORAGE
ADDED from src\main\AndroidManifest.xml:16:5-81
	android:name
		ADDED from src\main\AndroidManifest.xml:16:22-78
uses-permission#android.permission.READ_EXTERNAL_STORAGE
ADDED from src\main\AndroidManifest.xml:17:5-80
	android:name
		ADDED from src\main\AndroidManifest.xml:17:22-77
uses-permission#android.permission.READ_PHONE_STATE
ADDED from src\main\AndroidManifest.xml:18:5-75
	android:name
		ADDED from src\main\AndroidManifest.xml:18:22-72
uses-permission#android.permission.INTERNET
ADDED from src\main\AndroidManifest.xml:19:5-67
	android:name
		ADDED from src\main\AndroidManifest.xml:19:22-64
uses-permission#android.permission.ACCESS_NETWORK_STATE
ADDED from src\main\AndroidManifest.xml:20:5-79
	android:name
		ADDED from src\main\AndroidManifest.xml:20:22-76
uses-permission#android.permission.GET_CLIPS
ADDED from src\main\AndroidManifest.xml:21:5-68
	android:name
		ADDED from src\main\AndroidManifest.xml:21:22-65
uses-permission#android.permission.READ_CLIPS
ADDED from src\main\AndroidManifest.xml:22:5-69
	android:name
		ADDED from src\main\AndroidManifest.xml:22:22-66
uses-permission#android.permission.WRITE_CLIPS
ADDED from src\main\AndroidManifest.xml:23:5-70
	android:name
		ADDED from src\main\AndroidManifest.xml:23:22-67
uses-permission#android.permission.ACCESS_FINE_LOCATION
ADDED from src\main\AndroidManifest.xml:25:5-78
	android:name
		ADDED from src\main\AndroidManifest.xml:25:22-76
uses-permission#android.permission.ACCESS_COARSE_LOCATION
ADDED from src\main\AndroidManifest.xml:26:5-80
	android:name
		ADDED from src\main\AndroidManifest.xml:26:22-78
application
ADDED from src\main\AndroidManifest.xml:35:5-224:19
MERGED from [com.android.support:support-v4:25.0.1] AndroidManifest.xml:25:5-20
MERGED from [com.android.support:support-fragment:25.0.1] AndroidManifest.xml:25:5-20
MERGED from [com.android.support:support-media-compat:25.0.1] AndroidManifest.xml:25:5-20
MERGED from [com.android.support:support-core-ui:25.0.1] AndroidManifest.xml:25:5-20
MERGED from [com.android.support:support-core-utils:25.0.1] AndroidManifest.xml:25:5-20
MERGED from [com.android.support:support-compat:25.0.1] AndroidManifest.xml:25:5-20
	android:label
		ADDED from src\main\AndroidManifest.xml:35:18-50
	android:icon
		ADDED from src\main\AndroidManifest.xml:36:9-38
service#com.stealth.hushkbd.hush_kbd
ADDED from src\main\AndroidManifest.xml:38:9-44:19
	android:permission
		ADDED from src\main\AndroidManifest.xml:39:17-74
	android:name
		ADDED from src\main\AndroidManifest.xml:38:18-41
intent-filter#android.view.InputMethod
ADDED from src\main\AndroidManifest.xml:40:13-42:29
action#android.view.InputMethod
ADDED from src\main\AndroidManifest.xml:41:17-67
	android:name
		ADDED from src\main\AndroidManifest.xml:41:25-64
meta-data#android.view.im
ADDED from src\main\AndroidManifest.xml:43:13-88
	android:resource
		ADDED from src\main\AndroidManifest.xml:43:55-85
	android:name
		ADDED from src\main\AndroidManifest.xml:43:24-54
activity#com.stealth.service.EnvSettings
ADDED from src\main\AndroidManifest.xml:46:9-55:20
	android:screenOrientation
		ADDED from src\main\AndroidManifest.xml:49:13-49
	android:label
		ADDED from src\main\AndroidManifest.xml:50:13-45
	android:launchMode
		ADDED from src\main\AndroidManifest.xml:47:19-50
	android:theme
		ADDED from src\main\AndroidManifest.xml:48:13-53
	android:name
		ADDED from src\main\AndroidManifest.xml:46:19-65
intent-filter#android.intent.action.MAIN+android.intent.category.LAUNCHER
ADDED from src\main\AndroidManifest.xml:51:13-54:33
action#android.intent.action.MAIN
ADDED from src\main\AndroidManifest.xml:52:17-68
	android:name
		ADDED from src\main\AndroidManifest.xml:52:25-66
category#android.intent.category.LAUNCHER
ADDED from src\main\AndroidManifest.xml:53:17-77
	android:name
		ADDED from src\main\AndroidManifest.xml:53:27-74
activity#com.stealth.service.ContactsList
ADDED from src\main\AndroidManifest.xml:57:9-64:20
	android:screenOrientation
		ADDED from src\main\AndroidManifest.xml:59:13-49
	android:label
		ADDED from src\main\AndroidManifest.xml:63:13-50
	android:launchMode
		ADDED from src\main\AndroidManifest.xml:61:13-43
	android:windowSoftInputMode
		ADDED from src\main\AndroidManifest.xml:62:13-52
	android:theme
		ADDED from src\main\AndroidManifest.xml:60:13-53
	android:name
		ADDED from src\main\AndroidManifest.xml:58:13-60
activity#com.stealth.service.DetailList
ADDED from src\main\AndroidManifest.xml:65:9-70:20
	android:screenOrientation
		ADDED from src\main\AndroidManifest.xml:67:13-49
	android:label
		ADDED from src\main\AndroidManifest.xml:69:13-48
	android:theme
		ADDED from src\main\AndroidManifest.xml:68:13-41
	android:name
		ADDED from src\main\AndroidManifest.xml:66:13-58
activity#com.stealth.service.PopupEncrypt
ADDED from src\main\AndroidManifest.xml:71:9-76:20
	android:label
		ADDED from src\main\AndroidManifest.xml:75:19-51
	android:launchMode
		ADDED from src\main\AndroidManifest.xml:73:19-50
	android:windowSoftInputMode
		ADDED from src\main\AndroidManifest.xml:72:13-52
	android:theme
		ADDED from src\main\AndroidManifest.xml:74:19-59
	android:name
		ADDED from src\main\AndroidManifest.xml:71:19-66
activity#com.stealth.service.PopupDecrypt
ADDED from src\main\AndroidManifest.xml:77:9-81:20
	android:label
		ADDED from src\main\AndroidManifest.xml:80:19-51
	android:launchMode
		ADDED from src\main\AndroidManifest.xml:78:19-50
	android:theme
		ADDED from src\main\AndroidManifest.xml:79:19-59
	android:name
		ADDED from src\main\AndroidManifest.xml:77:19-66
activity#com.stealth.service.Help
ADDED from src\main\AndroidManifest.xml:84:9-88:20
	android:label
		ADDED from src\main\AndroidManifest.xml:87:13-45
	android:launchMode
		ADDED from src\main\AndroidManifest.xml:85:13-44
	android:theme
		ADDED from src\main\AndroidManifest.xml:86:13-41
	android:name
		ADDED from src\main\AndroidManifest.xml:84:19-58
activity#com.stealth.service.Puzzle
ADDED from src\main\AndroidManifest.xml:90:9-95:20
	android:label
		ADDED from src\main\AndroidManifest.xml:94:13-45
	android:launchMode
		ADDED from src\main\AndroidManifest.xml:91:13-44
	android:configChanges
		ADDED from src\main\AndroidManifest.xml:92:13-63
	android:theme
		ADDED from src\main\AndroidManifest.xml:93:13-41
	android:name
		ADDED from src\main\AndroidManifest.xml:90:19-60
activity#com.stealth.service.AskLogin
ADDED from src\main\AndroidManifest.xml:97:9-101:20
	android:label
		ADDED from src\main\AndroidManifest.xml:100:13-45
	android:launchMode
		ADDED from src\main\AndroidManifest.xml:98:13-44
	android:theme
		ADDED from src\main\AndroidManifest.xml:99:13-41
	android:name
		ADDED from src\main\AndroidManifest.xml:97:19-62
activity#com.stealth.service.Login
ADDED from src\main\AndroidManifest.xml:103:9-107:20
	android:label
		ADDED from src\main\AndroidManifest.xml:106:13-45
	android:launchMode
		ADDED from src\main\AndroidManifest.xml:104:13-44
	android:theme
		ADDED from src\main\AndroidManifest.xml:105:13-41
	android:name
		ADDED from src\main\AndroidManifest.xml:103:19-59
activity#com.stealth.service.ChangePass
ADDED from src\main\AndroidManifest.xml:109:9-113:20
	android:label
		ADDED from src\main\AndroidManifest.xml:112:13-45
	android:launchMode
		ADDED from src\main\AndroidManifest.xml:110:13-44
	android:theme
		ADDED from src\main\AndroidManifest.xml:111:13-41
	android:name
		ADDED from src\main\AndroidManifest.xml:109:19-64
activity#com.stealth.service.RegistPhone
ADDED from src\main\AndroidManifest.xml:115:9-119:20
	android:label
		ADDED from src\main\AndroidManifest.xml:118:13-45
	android:launchMode
		ADDED from src\main\AndroidManifest.xml:116:13-44
	android:theme
		ADDED from src\main\AndroidManifest.xml:117:13-41
	android:name
		ADDED from src\main\AndroidManifest.xml:115:19-65
activity#com.stealth.service.RegistName
ADDED from src\main\AndroidManifest.xml:121:9-125:20
	android:label
		ADDED from src\main\AndroidManifest.xml:124:13-45
	android:launchMode
		ADDED from src\main\AndroidManifest.xml:122:13-44
	android:theme
		ADDED from src\main\AndroidManifest.xml:123:13-41
	android:name
		ADDED from src\main\AndroidManifest.xml:121:19-64
activity#com.stealth.service.PuzzleReg
ADDED from src\main\AndroidManifest.xml:127:9-132:20
	android:label
		ADDED from src\main\AndroidManifest.xml:131:13-45
	android:launchMode
		ADDED from src\main\AndroidManifest.xml:128:13-44
	android:windowSoftInputMode
		ADDED from src\main\AndroidManifest.xml:129:13-52
	android:theme
		ADDED from src\main\AndroidManifest.xml:130:13-41
	android:name
		ADDED from src\main\AndroidManifest.xml:127:19-63
activity#com.stealth.service.MyInfo
ADDED from src\main\AndroidManifest.xml:134:9-139:20
	android:label
		ADDED from src\main\AndroidManifest.xml:138:13-45
	android:launchMode
		ADDED from src\main\AndroidManifest.xml:135:13-44
	android:windowSoftInputMode
		ADDED from src\main\AndroidManifest.xml:136:13-52
	android:theme
		ADDED from src\main\AndroidManifest.xml:137:13-41
	android:name
		ADDED from src\main\AndroidManifest.xml:134:19-60
activity#com.stealth.service.RegistEtc
ADDED from src\main\AndroidManifest.xml:142:9-146:20
	android:label
		ADDED from src\main\AndroidManifest.xml:145:13-45
	android:launchMode
		ADDED from src\main\AndroidManifest.xml:143:13-44
	android:theme
		ADDED from src\main\AndroidManifest.xml:144:13-41
	android:name
		ADDED from src\main\AndroidManifest.xml:142:19-63
activity#com.stealth.service.RegistPass
ADDED from src\main\AndroidManifest.xml:148:9-152:20
	android:label
		ADDED from src\main\AndroidManifest.xml:151:13-45
	android:launchMode
		ADDED from src\main\AndroidManifest.xml:149:13-44
	android:theme
		ADDED from src\main\AndroidManifest.xml:150:13-41
	android:name
		ADDED from src\main\AndroidManifest.xml:148:19-64
activity#com.stealth.service.TimeOut
ADDED from src\main\AndroidManifest.xml:154:9-158:20
	android:label
		ADDED from src\main\AndroidManifest.xml:157:13-45
	android:launchMode
		ADDED from src\main\AndroidManifest.xml:155:13-44
	android:theme
		ADDED from src\main\AndroidManifest.xml:156:13-41
	android:name
		ADDED from src\main\AndroidManifest.xml:154:19-61
activity#com.stealth.service.KbdSetting
ADDED from src\main\AndroidManifest.xml:160:9-163:20
	android:label
		ADDED from src\main\AndroidManifest.xml:162:13-48
	android:launchMode
		ADDED from src\main\AndroidManifest.xml:161:13-44
	android:name
		ADDED from src\main\AndroidManifest.xml:160:19-64
activity#com.stealth.service.ShareSetting
ADDED from src\main\AndroidManifest.xml:165:9-168:20
	android:label
		ADDED from src\main\AndroidManifest.xml:167:13-46
	android:launchMode
		ADDED from src\main\AndroidManifest.xml:166:13-44
	android:name
		ADDED from src\main\AndroidManifest.xml:165:19-66
activity#com.stealth.service.GroupList
ADDED from src\main\AndroidManifest.xml:170:9-174:20
	android:label
		ADDED from src\main\AndroidManifest.xml:173:19-53
	android:launchMode
		ADDED from src\main\AndroidManifest.xml:171:19-50
	android:theme
		ADDED from src\main\AndroidManifest.xml:172:19-47
	android:name
		ADDED from src\main\AndroidManifest.xml:170:19-63
activity#com.stealth.service.GroupSelect
ADDED from src\main\AndroidManifest.xml:176:9-180:20
	android:label
		ADDED from src\main\AndroidManifest.xml:179:19-55
	android:launchMode
		ADDED from src\main\AndroidManifest.xml:177:19-49
	android:theme
		ADDED from src\main\AndroidManifest.xml:178:19-60
	android:name
		ADDED from src\main\AndroidManifest.xml:176:19-65
activity#com.stealth.service.VoiceInput
ADDED from src\main\AndroidManifest.xml:183:9-187:20
	android:label
		ADDED from src\main\AndroidManifest.xml:186:13-48
	android:launchMode
		ADDED from src\main\AndroidManifest.xml:184:13-43
	android:theme
		ADDED from src\main\AndroidManifest.xml:185:13-53
	android:name
		ADDED from src\main\AndroidManifest.xml:183:19-64
activity#com.stealth.service.MemberList
ADDED from src\main\AndroidManifest.xml:189:9-194:20
	android:label
		ADDED from src\main\AndroidManifest.xml:193:19-54
	android:launchMode
		ADDED from src\main\AndroidManifest.xml:191:19-50
	android:windowSoftInputMode
		ADDED from src\main\AndroidManifest.xml:190:19-58
	android:theme
		ADDED from src\main\AndroidManifest.xml:192:19-47
	android:name
		ADDED from src\main\AndroidManifest.xml:189:19-64
activity#com.stealth.service.GroupReg
ADDED from src\main\AndroidManifest.xml:196:9-201:20
	android:screenOrientation
		ADDED from src\main\AndroidManifest.xml:198:13-49
	android:label
		ADDED from src\main\AndroidManifest.xml:200:13-49
	android:theme
		ADDED from src\main\AndroidManifest.xml:199:13-41
	android:name
		ADDED from src\main\AndroidManifest.xml:197:13-56
activity#com.stealth.service.PhoneNumber
ADDED from src\main\AndroidManifest.xml:203:9-208:20
	android:screenOrientation
		ADDED from src\main\AndroidManifest.xml:205:13-49
	android:label
		ADDED from src\main\AndroidManifest.xml:207:13-55
	android:theme
		ADDED from src\main\AndroidManifest.xml:206:13-41
	android:name
		ADDED from src\main\AndroidManifest.xml:204:13-59
activity#com.stealth.service.PasswordAsk
ADDED from src\main\AndroidManifest.xml:210:9-215:20
	android:screenOrientation
		ADDED from src\main\AndroidManifest.xml:212:13-49
	android:label
		ADDED from src\main\AndroidManifest.xml:214:13-51
	android:theme
		ADDED from src\main\AndroidManifest.xml:213:13-54
	android:name
		ADDED from src\main\AndroidManifest.xml:211:13-59
receiver#com.stealth.service.ClipboardMonitorStarter
ADDED from src\main\AndroidManifest.xml:217:9-221:17
	android:name
		ADDED from src\main\AndroidManifest.xml:217:19-77
intent-filter#android.intent.action.BOOT_COMPLETED
ADDED from src\main\AndroidManifest.xml:218:7-220:23
action#android.intent.action.BOOT_COMPLETED
ADDED from src\main\AndroidManifest.xml:219:8-70
	android:name
		ADDED from src\main\AndroidManifest.xml:219:16-67
service#com.stealth.service.ClipboardMonitor
ADDED from src\main\AndroidManifest.xml:222:3-74
	android:name
		ADDED from src\main\AndroidManifest.xml:222:12-63
uses-sdk
INJECTED from src\main\AndroidManifest.xml reason: use-sdk injection requested
MERGED from [com.android.support:support-v4:25.0.1] AndroidManifest.xml:21:5-23:54
MERGED from [com.android.support:support-fragment:25.0.1] AndroidManifest.xml:21:5-23:60
MERGED from [com.android.support:support-media-compat:25.0.1] AndroidManifest.xml:21:5-23:63
MERGED from [com.android.support:support-core-ui:25.0.1] AndroidManifest.xml:21:5-23:58
MERGED from [com.android.support:support-core-utils:25.0.1] AndroidManifest.xml:21:5-23:61
MERGED from [com.android.support:support-compat:25.0.1] AndroidManifest.xml:21:5-23:58
	tools:overrideLibrary
		ADDED from [com.android.support:support-v4:25.0.1] AndroidManifest.xml:23:9-51
	android:targetSdkVersion
		INJECTED from src\main\AndroidManifest.xml
		INJECTED from src\main\AndroidManifest.xml
	android:minSdkVersion
		INJECTED from src\main\AndroidManifest.xml
		INJECTED from src\main\AndroidManifest.xml